2021-05-06 19:31:39,150 [Worker-4: Loading available Gradle versions] INFO  o.e.b.c.i.u.g.PublishedGradleVersions - Gradle version information cache is not available. Remote download required.
2021-05-06 19:33:38,687 [Start Help Server] INFO  org.eclipse.jetty.util.log - Logging initialized @194036ms to org.eclipse.jetty.util.log.Slf4jLog
2021-05-06 19:33:38,821 [Start Help Server] INFO  org.eclipse.jetty.server.Server - jetty-9.4.37.v20210219; built: 2021-02-23T06:49:41.320Z; git: 27afab2bd37780d179836e313e0fe11bc4fa0ce9; jvm 15.0.2+7-27
2021-05-06 19:33:38,840 [Start Help Server] INFO  org.eclipse.jetty.server.session - DefaultSessionIdManager workerName=node0
2021-05-06 19:33:38,840 [Start Help Server] INFO  org.eclipse.jetty.server.session - No SessionScavenger set, using defaults
2021-05-06 19:33:38,842 [Start Help Server] INFO  org.eclipse.jetty.server.session - node0 Scavenging every 600000ms
2021-05-06 19:33:38,880 [Start Help Server] INFO  o.e.j.server.handler.ContextHandler - Started o.e.j.s.ServletContextHandler@3a60bae1{/help,null,AVAILABLE}
2021-05-06 19:33:38,894 [Start Help Server] INFO  o.e.jetty.server.AbstractConnector - Started ServerConnector@62456939{HTTP/1.1, (http/1.1)}{127.0.0.1:41587}
2021-05-06 19:33:38,894 [Start Help Server] INFO  org.eclipse.jetty.server.Server - Started @194246ms
2021-05-06 19:33:38,895 [Start Help Server] INFO  org.eclipse.jetty.server.session - node0 Scavenging every 600000ms
2021-05-06 19:40:13,348 [Stop Help Server] INFO  o.e.jetty.server.AbstractConnector - Stopped ServerConnector@62456939{HTTP/1.1, (http/1.1)}{127.0.0.1:0}
2021-05-06 19:40:13,349 [Stop Help Server] INFO  org.eclipse.jetty.server.session - node0 Stopped scavenging
2021-05-06 19:40:13,374 [Stop Help Server] INFO  o.e.j.server.handler.ContextHandler - Stopped o.e.j.s.ServletContextHandler@3a60bae1{/help,null,STOPPED}
2021-05-10 17:19:42,155 [Worker-0: Loading available Gradle versions] INFO  o.e.b.c.i.u.g.PublishedGradleVersions - Gradle version information cache is out-of-date. Trying to update.
2021-05-11 11:59:39,519 [Worker-0: Loading available Gradle versions] INFO  o.e.b.c.i.u.g.PublishedGradleVersions - Gradle version information cache is up-to-date. Trying to read.
2021-05-11 12:01:30,547 [Worker-0: Loading available Gradle versions] INFO  o.e.b.c.i.u.g.PublishedGradleVersions - Gradle version information cache is up-to-date. Trying to read.
2021-05-11 14:25:04,873 [Worker-1: Loading available Gradle versions] INFO  o.e.b.c.i.u.g.PublishedGradleVersions - Gradle version information cache is up-to-date. Trying to read.
2021-05-11 15:26:20,797 [Worker-3: Loading available Gradle versions] INFO  o.e.b.c.i.u.g.PublishedGradleVersions - Gradle version information cache is up-to-date. Trying to read.
2021-05-11 23:08:29,294 [Worker-4: Loading available Gradle versions] INFO  o.e.b.c.i.u.g.PublishedGradleVersions - Gradle version information cache is out-of-date. Trying to update.
2021-05-12 22:50:40,024 [Worker-1: Loading available Gradle versions] INFO  o.e.b.c.i.u.g.PublishedGradleVersions - Gradle version information cache is up-to-date. Trying to read.
2021-05-13 00:53:46,205 [Worker-2: Loading available Gradle versions] INFO  o.e.b.c.i.u.g.PublishedGradleVersions - Gradle version information cache is out-of-date. Trying to update.
2021-05-18 09:24:22,321 [Worker-1: Loading available Gradle versions] INFO  o.e.b.c.i.u.g.PublishedGradleVersions - Gradle version information cache is out-of-date. Trying to update.
2021-05-18 10:26:24,881 [Worker-0: Loading available Gradle versions] INFO  o.e.b.c.i.u.g.PublishedGradleVersions - Gradle version information cache is up-to-date. Trying to read.
2021-05-18 23:48:25,457 [Worker-3: Loading available Gradle versions] INFO  o.e.b.c.i.u.g.PublishedGradleVersions - Gradle version information cache is up-to-date. Trying to read.
2021-05-19 09:21:11,593 [Worker-4: Loading available Gradle versions] INFO  o.e.b.c.i.u.g.PublishedGradleVersions - Gradle version information cache is up-to-date. Trying to read.
2021-05-30 11:12:45,153 [Worker-1: Loading available Gradle versions] INFO  o.e.b.c.i.u.g.PublishedGradleVersions - Gradle version information cache is out-of-date. Trying to update.
2021-05-30 11:12:45,603 [Worker-1: Loading available Gradle versions] INFO  o.e.b.c.i.u.g.PublishedGradleVersions - Updating Gradle version information cache failed. Using outdated cache.
